<?xml version="1.0" encoding="UTF-8"?>
<robot generator="Robot 3.1.2 (Python 3.7.4 on win32)" generated="20191020 11:40:37.168" rpa="false">
<suite id="s1" name="Suites">
<suite id="s1-s1" name="LoginTest" source="F:\RobotFramework\Automation1\POM_TestCases\LoginTest.robot">
<test id="s1-s1-t1" name="LoginTest">
<kw name="Open My Browser" library="Login_Keywords">
<arguments>
<arg>${SiteUrl}</arg>
<arg>${Browser}</arg>
</arguments>
<kw name="Open Browser" library="SeleniumLibrary">
<doc>Opens a new browser instance to the given ``url``.</doc>
<arguments>
<arg>${SiteUrl}</arg>
<arg>${Browser}</arg>
</arguments>
<msg timestamp="20191020 11:40:39.573" level="INFO">Opening browser 'headlessfirefox' to base url 'http://www.newtours.demoaut.com/'.</msg>
<status status="PASS" starttime="20191020 11:40:39.573" endtime="20191020 11:40:51.408"></status>
</kw>
<kw name="Maximize Browser Window" library="SeleniumLibrary">
<doc>Maximizes current browser window.</doc>
<status status="PASS" starttime="20191020 11:40:51.408" endtime="20191020 11:40:51.417"></status>
</kw>
<status status="PASS" starttime="20191020 11:40:39.572" endtime="20191020 11:40:51.417"></status>
</kw>
<kw name="Enter UserName" library="Login_Keywords">
<arguments>
<arg>${username}</arg>
</arguments>
<kw name="Input Text" library="SeleniumLibrary">
<doc>Types the given ``text`` into text field identified by ``locator``.</doc>
<arguments>
<arg>${txt_loginUserName}</arg>
<arg>${username}</arg>
</arguments>
<msg timestamp="20191020 11:40:51.418" level="INFO">Typing text 'mercury' into text field 'name:userName'.</msg>
<status status="PASS" starttime="20191020 11:40:51.418" endtime="20191020 11:40:51.470"></status>
</kw>
<status status="PASS" starttime="20191020 11:40:51.417" endtime="20191020 11:40:51.470"></status>
</kw>
<kw name="Enter Password" library="Login_Keywords">
<arguments>
<arg>${password}</arg>
</arguments>
<kw name="Input Text" library="SeleniumLibrary">
<doc>Types the given ``text`` into text field identified by ``locator``.</doc>
<arguments>
<arg>${txt_loginPassword}</arg>
<arg>${password}</arg>
</arguments>
<msg timestamp="20191020 11:40:51.472" level="INFO">Typing text 'mercury' into text field 'name:password'.</msg>
<status status="PASS" starttime="20191020 11:40:51.471" endtime="20191020 11:40:51.508"></status>
</kw>
<status status="PASS" starttime="20191020 11:40:51.471" endtime="20191020 11:40:51.508"></status>
</kw>
<kw name="Click SignIn" library="Login_Keywords">
<kw name="Click Button" library="SeleniumLibrary">
<doc>Clicks button identified by ``locator``.</doc>
<arguments>
<arg>${btn_signIn}</arg>
</arguments>
<msg timestamp="20191020 11:40:51.509" level="INFO">Clicking button 'xpath://input[@name='login']'.</msg>
<status status="PASS" starttime="20191020 11:40:51.509" endtime="20191020 11:40:56.751"></status>
</kw>
<status status="PASS" starttime="20191020 11:40:51.508" endtime="20191020 11:40:56.751"></status>
</kw>
<kw name="Sleep" library="BuiltIn">
<doc>Pauses the test executed for the given time.</doc>
<arguments>
<arg>3 seconds</arg>
</arguments>
<msg timestamp="20191020 11:40:59.753" level="INFO">Slept 3 seconds</msg>
<status status="PASS" starttime="20191020 11:40:56.752" endtime="20191020 11:40:59.753"></status>
</kw>
<kw name="Verify Successful Login" library="Login_Keywords">
<kw name="Title Should Be" library="SeleniumLibrary">
<doc>Verifies that current page title equals ``title``.</doc>
<arguments>
<arg>Find a Flight: Mercury Tours:</arg>
</arguments>
<kw name="Capture Page Screenshot" library="SeleniumLibrary">
<doc>Takes screenshot of the current page and embeds it into log file.</doc>
<msg timestamp="20191020 11:40:59.842" level="INFO" html="yes">&lt;/td&gt;&lt;/tr&gt;&lt;tr&gt;&lt;td colspan="3"&gt;&lt;a href="selenium-screenshot-1.png"&gt;&lt;img src="selenium-screenshot-1.png" width="800px"&gt;&lt;/a&gt;</msg>
<status status="PASS" starttime="20191020 11:40:59.762" endtime="20191020 11:40:59.842"></status>
</kw>
<msg timestamp="20191020 11:40:59.956" level="FAIL">Title should have been 'Find a Flight: Mercury Tours:' but was 'Welcome: Mercury Tours'.</msg>
<status status="FAIL" starttime="20191020 11:40:59.754" endtime="20191020 11:40:59.957"></status>
</kw>
<status status="FAIL" starttime="20191020 11:40:59.753" endtime="20191020 11:40:59.957"></status>
</kw>
<status status="FAIL" starttime="20191020 11:40:39.571" endtime="20191020 11:40:59.957" critical="yes">Title should have been 'Find a Flight: Mercury Tours:' but was 'Welcome: Mercury Tours'.</status>
</test>
<status status="FAIL" starttime="20191020 11:40:37.265" endtime="20191020 11:40:59.959"></status>
</suite>
<status status="FAIL" starttime="20191020 11:40:37.173" endtime="20191020 11:40:59.961"></status>
</suite>
<statistics>
<total>
<stat pass="0" fail="1">Critical Tests</stat>
<stat pass="0" fail="1">All Tests</stat>
</total>
<tag>
</tag>
<suite>
<stat pass="0" fail="1" id="s1" name="Suites">Suites</stat>
<stat pass="0" fail="1" id="s1-s1" name="LoginTest">Suites.LoginTest</stat>
</suite>
</statistics>
<errors>
</errors>
</robot>
