<?xml version="1.0" encoding="UTF-8"?>
<robot generator="Robot 3.1.2 (Python 3.7.4 on win32)" generated="20191020 11:40:37.168" rpa="false">
<suite id="s1" name="Suites">
<suite id="s1-s1" name="RegistrationTest" source="F:\RobotFramework\Automation1\POM_TestCases\RegistrationTest.robot">
<test id="s1-s1-t1" name="Registration Test">
<kw name="Open My Browser" library="Registration_Keywords">
<arguments>
<arg>${SiteUrl}</arg>
<arg>${Browser}</arg>
</arguments>
<kw name="Open Browser" library="SeleniumLibrary">
<doc>Opens a new browser instance to the given ``url``.</doc>
<arguments>
<arg>${SiteUrl}</arg>
<arg>${Browser}</arg>
</arguments>
<msg timestamp="20191020 11:40:39.599" level="INFO">Opening browser 'headlesschrome' to base url 'http://www.newtours.demoaut.com/'.</msg>
<status status="PASS" starttime="20191020 11:40:39.598" endtime="20191020 11:40:54.601"></status>
</kw>
<kw name="Maximize Browser Window" library="SeleniumLibrary">
<doc>Maximizes current browser window.</doc>
<status status="PASS" starttime="20191020 11:40:54.601" endtime="20191020 11:40:58.727"></status>
</kw>
<status status="PASS" starttime="20191020 11:40:39.598" endtime="20191020 11:40:58.728"></status>
</kw>
<kw name="Click Register Link" library="Registration_Keywords">
<kw name="Click Link" library="SeleniumLibrary">
<doc>Clicks a link identified by ``locator``.</doc>
<arguments>
<arg>${Link_Reg}</arg>
</arguments>
<msg timestamp="20191020 11:40:58.731" level="INFO">Clicking link 'link:REGISTER'.</msg>
<status status="PASS" starttime="20191020 11:40:58.730" endtime="20191020 11:41:00.687"></status>
</kw>
<status status="PASS" starttime="20191020 11:40:58.728" endtime="20191020 11:41:00.687"></status>
</kw>
<kw name="Enter FirstName" library="Registration_Keywords">
<arguments>
<arg>siva</arg>
</arguments>
<kw name="Input Text" library="SeleniumLibrary">
<doc>Types the given ``text`` into text field identified by ``locator``.</doc>
<arguments>
<arg>${txt_FirstName}</arg>
<arg>${firstName}</arg>
</arguments>
<msg timestamp="20191020 11:41:00.689" level="INFO">Typing text 'siva' into text field 'name:firstName'.</msg>
<status status="PASS" starttime="20191020 11:41:00.688" endtime="20191020 11:41:00.969"></status>
</kw>
<status status="PASS" starttime="20191020 11:41:00.687" endtime="20191020 11:41:00.969"></status>
</kw>
<kw name="Enter LastName" library="Registration_Keywords">
<arguments>
<arg>singu</arg>
</arguments>
<kw name="Input Text" library="SeleniumLibrary">
<doc>Types the given ``text`` into text field identified by ``locator``.</doc>
<arguments>
<arg>${txt_LastName}</arg>
<arg>${lastName}</arg>
</arguments>
<msg timestamp="20191020 11:41:00.971" level="INFO">Typing text 'singu' into text field 'name:lastName'.</msg>
<status status="PASS" starttime="20191020 11:41:00.970" endtime="20191020 11:41:01.086"></status>
</kw>
<status status="PASS" starttime="20191020 11:41:00.969" endtime="20191020 11:41:01.086"></status>
</kw>
<kw name="Enter Phone" library="Registration_Keywords">
<arguments>
<arg>9705360900</arg>
</arguments>
<kw name="Input Text" library="SeleniumLibrary">
<doc>Types the given ``text`` into text field identified by ``locator``.</doc>
<arguments>
<arg>${txt_Phone}</arg>
<arg>${phone}</arg>
</arguments>
<msg timestamp="20191020 11:41:01.087" level="INFO">Typing text '9705360900' into text field 'name:phone'.</msg>
<status status="PASS" starttime="20191020 11:41:01.087" endtime="20191020 11:41:01.237"></status>
</kw>
<status status="PASS" starttime="20191020 11:41:01.086" endtime="20191020 11:41:01.238"></status>
</kw>
<kw name="Enter Email" library="Registration_Keywords">
<arguments>
<arg>sivanag123@gmail.com</arg>
</arguments>
<kw name="Input Text" library="SeleniumLibrary">
<doc>Types the given ``text`` into text field identified by ``locator``.</doc>
<arguments>
<arg>${txt_Email}</arg>
<arg>${email}</arg>
</arguments>
<msg timestamp="20191020 11:41:01.239" level="INFO">Typing text 'sivanag123@gmail.com' into text field 'name:userName'.</msg>
<status status="PASS" starttime="20191020 11:41:01.238" endtime="20191020 11:41:01.407"></status>
</kw>
<status status="PASS" starttime="20191020 11:41:01.238" endtime="20191020 11:41:01.407"></status>
</kw>
<kw name="Enter Address1" library="Registration_Keywords">
<arguments>
<arg>SRS Siri Estate</arg>
</arguments>
<kw name="Input Text" library="SeleniumLibrary">
<doc>Types the given ``text`` into text field identified by ``locator``.</doc>
<arguments>
<arg>${txt_Address1}</arg>
<arg>${address1}</arg>
</arguments>
<msg timestamp="20191020 11:41:01.408" level="INFO">Typing text 'SRS Siri Estate' into text field 'name:address1'.</msg>
<status status="PASS" starttime="20191020 11:41:01.408" endtime="20191020 11:41:01.589"></status>
</kw>
<status status="PASS" starttime="20191020 11:41:01.407" endtime="20191020 11:41:01.589"></status>
</kw>
<kw name="Enter Address2" library="Registration_Keywords">
<arguments>
<arg>Bachupally</arg>
</arguments>
<kw name="Input Text" library="SeleniumLibrary">
<doc>Types the given ``text`` into text field identified by ``locator``.</doc>
<arguments>
<arg>${txt_Address2}</arg>
<arg>${address2}</arg>
</arguments>
<msg timestamp="20191020 11:41:01.590" level="INFO">Typing text 'Bachupally' into text field 'name:address2'.</msg>
<status status="PASS" starttime="20191020 11:41:01.590" endtime="20191020 11:41:01.732"></status>
</kw>
<status status="PASS" starttime="20191020 11:41:01.589" endtime="20191020 11:41:01.732"></status>
</kw>
<kw name="Enter City" library="Registration_Keywords">
<arguments>
<arg>Hyderabad</arg>
</arguments>
<kw name="Input Text" library="SeleniumLibrary">
<doc>Types the given ``text`` into text field identified by ``locator``.</doc>
<arguments>
<arg>${txt_City}</arg>
<arg>${City}</arg>
</arguments>
<msg timestamp="20191020 11:41:01.733" level="INFO">Typing text 'Hyderabad' into text field 'name:city'.</msg>
<status status="PASS" starttime="20191020 11:41:01.733" endtime="20191020 11:41:01.872"></status>
</kw>
<status status="PASS" starttime="20191020 11:41:01.732" endtime="20191020 11:41:01.873"></status>
</kw>
<kw name="Enter State" library="Registration_Keywords">
<arguments>
<arg>Telanagna</arg>
</arguments>
<kw name="Input Text" library="SeleniumLibrary">
<doc>Types the given ``text`` into text field identified by ``locator``.</doc>
<arguments>
<arg>${txt_State_Province}</arg>
<arg>${state}</arg>
</arguments>
<msg timestamp="20191020 11:41:01.874" level="INFO">Typing text 'Telanagna' into text field 'name:state'.</msg>
<status status="PASS" starttime="20191020 11:41:01.874" endtime="20191020 11:41:02.036"></status>
</kw>
<status status="PASS" starttime="20191020 11:41:01.873" endtime="20191020 11:41:02.036"></status>
</kw>
<kw name="Enter PostalCode" library="Registration_Keywords">
<arguments>
<arg>500090</arg>
</arguments>
<kw name="Input Text" library="SeleniumLibrary">
<doc>Types the given ``text`` into text field identified by ``locator``.</doc>
<arguments>
<arg>${txt_PostalCode}</arg>
<arg>${postalCode}</arg>
</arguments>
<msg timestamp="20191020 11:41:02.037" level="INFO">Typing text '500090' into text field 'name:postalCode'.</msg>
<status status="PASS" starttime="20191020 11:41:02.037" endtime="20191020 11:41:02.165"></status>
</kw>
<status status="PASS" starttime="20191020 11:41:02.036" endtime="20191020 11:41:02.165"></status>
</kw>
<kw name="Enter Country" library="Registration_Keywords">
<arguments>
<arg>INDIA</arg>
</arguments>
<kw name="Select From List By Label" library="SeleniumLibrary">
<doc>Selects options from selection list ``locator`` by ``labels``.</doc>
<arguments>
<arg>${txt_Country}</arg>
<arg>${country}</arg>
</arguments>
<msg timestamp="20191020 11:41:02.166" level="INFO">Selecting options from selection list 'name:country' by label INDIA.</msg>
<status status="PASS" starttime="20191020 11:41:02.166" endtime="20191020 11:41:02.305"></status>
</kw>
<status status="PASS" starttime="20191020 11:41:02.165" endtime="20191020 11:41:02.305"></status>
</kw>
<kw name="Enter UserName" library="Registration_Keywords">
<arguments>
<arg>sivas</arg>
</arguments>
<kw name="Input Text" library="SeleniumLibrary">
<doc>Types the given ``text`` into text field identified by ``locator``.</doc>
<arguments>
<arg>${txt_UserName}</arg>
<arg>${username}</arg>
</arguments>
<msg timestamp="20191020 11:41:02.307" level="INFO">Typing text 'sivas' into text field 'name:email'.</msg>
<status status="PASS" starttime="20191020 11:41:02.307" endtime="20191020 11:41:02.439"></status>
</kw>
<status status="PASS" starttime="20191020 11:41:02.306" endtime="20191020 11:41:02.439"></status>
</kw>
<kw name="Enter Password" library="Registration_Keywords">
<arguments>
<arg>sivas</arg>
</arguments>
<kw name="Input Text" library="SeleniumLibrary">
<doc>Types the given ``text`` into text field identified by ``locator``.</doc>
<arguments>
<arg>${txt_loginPassword}</arg>
<arg>${password}</arg>
</arguments>
<msg timestamp="20191020 11:41:02.441" level="INFO">Typing text 'sivas' into text field 'name:password'.</msg>
<status status="PASS" starttime="20191020 11:41:02.440" endtime="20191020 11:41:02.580"></status>
</kw>
<status status="PASS" starttime="20191020 11:41:02.439" endtime="20191020 11:41:02.580"></status>
</kw>
<kw name="Enter ConfromPassword" library="Registration_Keywords">
<arguments>
<arg>sivas</arg>
</arguments>
<kw name="Input Text" library="SeleniumLibrary">
<doc>Types the given ``text`` into text field identified by ``locator``.</doc>
<arguments>
<arg>${txt_Confirm_Password}</arg>
<arg>${confirmpassword}</arg>
</arguments>
<msg timestamp="20191020 11:41:02.582" level="INFO">Typing text 'sivas' into text field 'name:confirmPassword'.</msg>
<status status="PASS" starttime="20191020 11:41:02.581" endtime="20191020 11:41:02.701"></status>
</kw>
<status status="PASS" starttime="20191020 11:41:02.580" endtime="20191020 11:41:02.701"></status>
</kw>
<kw name="Click Submit" library="Registration_Keywords">
<kw name="Click Button" library="SeleniumLibrary">
<doc>Clicks button identified by ``locator``.</doc>
<arguments>
<arg>${btn_Submit}</arg>
</arguments>
<msg timestamp="20191020 11:41:02.702" level="INFO">Clicking button 'xpath://input[@name='register']'.</msg>
<status status="PASS" starttime="20191020 11:41:02.702" endtime="20191020 11:41:06.874"></status>
</kw>
<status status="PASS" starttime="20191020 11:41:02.702" endtime="20191020 11:41:06.875"></status>
</kw>
<kw name="Verify Successful Registration" library="Registration_Keywords">
<kw name="Page Should Contain" library="SeleniumLibrary">
<doc>Verifies that current page contains ``text``.</doc>
<arguments>
<arg>Thank you for registering.</arg>
</arguments>
<msg timestamp="20191020 11:41:06.901" level="INFO">Current page contains text 'Thank you for registering.'.</msg>
<status status="PASS" starttime="20191020 11:41:06.876" endtime="20191020 11:41:06.902"></status>
</kw>
<status status="PASS" starttime="20191020 11:41:06.875" endtime="20191020 11:41:06.902"></status>
</kw>
<kw name="Close the Browser" library="Registration_Keywords">
<kw name="Close All Browsers" library="SeleniumLibrary">
<doc>Closes all open browsers and resets the browser cache.</doc>
<status status="PASS" starttime="20191020 11:41:06.902" endtime="20191020 11:41:08.956"></status>
</kw>
<status status="PASS" starttime="20191020 11:41:06.902" endtime="20191020 11:41:08.957"></status>
</kw>
<status status="PASS" starttime="20191020 11:40:39.597" endtime="20191020 11:41:08.957" critical="yes"></status>
</test>
<status status="PASS" starttime="20191020 11:40:37.265" endtime="20191020 11:41:08.960"></status>
</suite>
<status status="PASS" starttime="20191020 11:40:37.174" endtime="20191020 11:41:08.966"></status>
</suite>
<statistics>
<total>
<stat pass="1" fail="0">Critical Tests</stat>
<stat pass="1" fail="0">All Tests</stat>
</total>
<tag>
</tag>
<suite>
<stat pass="1" fail="0" id="s1" name="Suites">Suites</stat>
<stat pass="1" fail="0" id="s1-s1" name="RegistrationTest">Suites.RegistrationTest</stat>
</suite>
</statistics>
<errors>
</errors>
</robot>
