<?xml version="1.0" encoding="UTF-8"?>
<robot generator="Robot 3.1.2 (Python 3.7.4 on win32)" generated="20191020 11:37:48.340" rpa="false">
<suite id="s1" name="LoginTest" source="F:\RobotFramework\Automation1\POM_TestCases\LoginTest.robot">
<test id="s1-t1" name="LoginTest">
<kw name="Open My Browser" library="Login_Keywords">
<arguments>
<arg>${SiteUrl}</arg>
<arg>${Browser}</arg>
</arguments>
<kw name="Open Browser" library="SeleniumLibrary">
<doc>Opens a new browser instance to the given ``url``.</doc>
<arguments>
<arg>${SiteUrl}</arg>
<arg>${Browser}</arg>
</arguments>
<msg timestamp="20191020 11:37:51.368" level="INFO">Opening browser 'firefox' to base url 'http://www.newtours.demoaut.com/'.</msg>
<status status="PASS" starttime="20191020 11:37:51.367" endtime="20191020 11:38:11.532"></status>
</kw>
<kw name="Maximize Browser Window" library="SeleniumLibrary">
<doc>Maximizes current browser window.</doc>
<status status="PASS" starttime="20191020 11:38:11.532" endtime="20191020 11:38:11.547"></status>
</kw>
<status status="PASS" starttime="20191020 11:37:51.367" endtime="20191020 11:38:11.548"></status>
</kw>
<kw name="Enter UserName" library="Login_Keywords">
<arguments>
<arg>${username}</arg>
</arguments>
<kw name="Input Text" library="SeleniumLibrary">
<doc>Types the given ``text`` into text field identified by ``locator``.</doc>
<arguments>
<arg>${txt_loginUserName}</arg>
<arg>${username}</arg>
</arguments>
<msg timestamp="20191020 11:38:11.550" level="INFO">Typing text 'mercury' into text field 'name:userName'.</msg>
<status status="PASS" starttime="20191020 11:38:11.549" endtime="20191020 11:38:11.609"></status>
</kw>
<status status="PASS" starttime="20191020 11:38:11.548" endtime="20191020 11:38:11.609"></status>
</kw>
<kw name="Enter Password" library="Login_Keywords">
<arguments>
<arg>${password}</arg>
</arguments>
<kw name="Input Text" library="SeleniumLibrary">
<doc>Types the given ``text`` into text field identified by ``locator``.</doc>
<arguments>
<arg>${txt_loginPassword}</arg>
<arg>${password}</arg>
</arguments>
<msg timestamp="20191020 11:38:11.612" level="INFO">Typing text 'mercury' into text field 'name:password'.</msg>
<status status="PASS" starttime="20191020 11:38:11.611" endtime="20191020 11:38:11.675"></status>
</kw>
<status status="PASS" starttime="20191020 11:38:11.610" endtime="20191020 11:38:11.675"></status>
</kw>
<kw name="Click SignIn" library="Login_Keywords">
<kw name="Click Button" library="SeleniumLibrary">
<doc>Clicks button identified by ``locator``.</doc>
<arguments>
<arg>${btn_signIn}</arg>
</arguments>
<msg timestamp="20191020 11:38:11.680" level="INFO">Clicking button 'xpath://input[@name='login']'.</msg>
<status status="PASS" starttime="20191020 11:38:11.679" endtime="20191020 11:38:16.928"></status>
</kw>
<status status="PASS" starttime="20191020 11:38:11.678" endtime="20191020 11:38:16.928"></status>
</kw>
<kw name="Sleep" library="BuiltIn">
<doc>Pauses the test executed for the given time.</doc>
<arguments>
<arg>3 seconds</arg>
</arguments>
<msg timestamp="20191020 11:38:19.931" level="INFO">Slept 3 seconds</msg>
<status status="PASS" starttime="20191020 11:38:16.930" endtime="20191020 11:38:19.932"></status>
</kw>
<kw name="Verify Successful Login" library="Login_Keywords">
<kw name="Title Should Be" library="SeleniumLibrary">
<doc>Verifies that current page title equals ``title``.</doc>
<arguments>
<arg>Find a Flight: Mercury Tours:</arg>
</arguments>
<msg timestamp="20191020 11:38:19.945" level="INFO">Page title is 'Find a Flight: Mercury Tours:'.</msg>
<status status="PASS" starttime="20191020 11:38:19.934" endtime="20191020 11:38:19.946"></status>
</kw>
<status status="PASS" starttime="20191020 11:38:19.933" endtime="20191020 11:38:19.946"></status>
</kw>
<kw name="Close the Browser" library="Login_Keywords">
<kw name="Close All Browsers" library="SeleniumLibrary">
<doc>Closes all open browsers and resets the browser cache.</doc>
<status status="PASS" starttime="20191020 11:38:19.948" endtime="20191020 11:38:23.067"></status>
</kw>
<status status="PASS" starttime="20191020 11:38:19.947" endtime="20191020 11:38:23.068"></status>
</kw>
<status status="PASS" starttime="20191020 11:37:51.366" endtime="20191020 11:38:23.068" critical="yes"></status>
</test>
<status status="PASS" starttime="20191020 11:37:48.346" endtime="20191020 11:38:23.070"></status>
</suite>
<statistics>
<total>
<stat pass="1" fail="0">Critical Tests</stat>
<stat pass="1" fail="0">All Tests</stat>
</total>
<tag>
</tag>
<suite>
<stat pass="1" fail="0" id="s1" name="LoginTest">LoginTest</stat>
</suite>
</statistics>
<errors>
</errors>
</robot>
